E:\DINGSHUAI\EASYDSS\EASYSCREENLIVE\EASYSCREENLIVE_WIN32\EASYSCREENLIVE\BIN\EASYSCREENLIVE.EXE
E:\DINGSHUAI\EASYDSS\EASYSCREENLIVE\EASYSCREENLIVE_WIN32\EASYSCREENLIVE\BIN\EASYSCREENLIVE.ILK
E:\DINGSHUAI\EASYDSS\EASYSCREENLIVE\EASYSCREENLIVE_WIN32\EASYSCREENLIVE\BIN\EASYSCREENLIVE.PDB
E:\Dingshuai\EasyDSS\EasyScreenLive\EasyScreenLive_win32\EasyScreenLive\EasyScreenLive\Debug\cl.command.1.tlog
E:\Dingshuai\EasyDSS\EasyScreenLive\EasyScreenLive_win32\EasyScreenLive\EasyScreenLive\Debug\CL.read.1.tlog
E:\Dingshuai\EasyDSS\EasyScreenLive\EasyScreenLive_win32\EasyScreenLive\EasyScreenLive\Debug\CL.write.1.tlog
E:\DINGSHUAI\EASYDSS\EASYSCREENLIVE\EASYSCREENLIVE_WIN32\EASYSCREENLIVE\EASYSCREENLIVE\DEBUG\EASYSCREENLIVE.EXE.EMBED.MANIFEST
E:\DINGSHUAI\EASYDSS\EASYSCREENLIVE\EASYSCREENLIVE_WIN32\EASYSCREENLIVE\EASYSCREENLIVE\DEBUG\EASYSCREENLIVE.EXE.EMBED.MANIFEST.RES
E:\DINGSHUAI\EASYDSS\EASYSCREENLIVE\EASYSCREENLIVE_WIN32\EASYSCREENLIVE\EASYSCREENLIVE\DEBUG\EASYSCREENLIVE.EXE.INTERMEDIATE.MANIFEST
E:\DINGSHUAI\EASYDSS\EASYSCREENLIVE\EASYSCREENLIVE_WIN32\EASYSCREENLIVE\EASYSCREENLIVE\DEBUG\EASYSCREENLIVE.OBJ
E:\DINGSHUAI\EASYDSS\EASYSCREENLIVE\EASYSCREENLIVE_WIN32\EASYSCREENLIVE\EASYSCREENLIVE\DEBUG\EASYSCREENLIVE.PCH
E:\DINGSHUAI\EASYDSS\EASYSCREENLIVE\EASYSCREENLIVE_WIN32\EASYSCREENLIVE\EASYSCREENLIVE\DEBUG\EASYSCREENLIVE.RES
E:\Dingshuai\EasyDSS\EasyScreenLive\EasyScreenLive_win32\EasyScreenLive\EasyScreenLive\Debug\EasyScreenLive.vcxprojResolveAssemblyReference.cache
E:\Dingshuai\EasyDSS\EasyScreenLive\EasyScreenLive_win32\EasyScreenLive\EasyScreenLive\Debug\EasyScreenLive.write.1.tlog
E:\Dingshuai\EasyDSS\EasyScreenLive\EasyScreenLive_win32\EasyScreenLive\EasyScreenLive\Debug\EasyScreenLive_manifest.rc
E:\DINGSHUAI\EASYDSS\EASYSCREENLIVE\EASYSCREENLIVE_WIN32\EASYSCREENLIVE\EASYSCREENLIVE\DEBUG\EASYSCREENLIVEDLG.OBJ
E:\Dingshuai\EasyDSS\EasyScreenLive\EasyScreenLive_win32\EasyScreenLive\EasyScreenLive\Debug\link.command.1.tlog
E:\Dingshuai\EasyDSS\EasyScreenLive\EasyScreenLive_win32\EasyScreenLive\EasyScreenLive\Debug\link.read.1.tlog
E:\Dingshuai\EasyDSS\EasyScreenLive\EasyScreenLive_win32\EasyScreenLive\EasyScreenLive\Debug\link.write.1.tlog
E:\Dingshuai\EasyDSS\EasyScreenLive\EasyScreenLive_win32\EasyScreenLive\EasyScreenLive\Debug\link-cvtres.read.1.tlog
E:\Dingshuai\EasyDSS\EasyScreenLive\EasyScreenLive_win32\EasyScreenLive\EasyScreenLive\Debug\link-cvtres.write.1.tlog
E:\Dingshuai\EasyDSS\EasyScreenLive\EasyScreenLive_win32\EasyScreenLive\EasyScreenLive\Debug\mt.command.1.tlog
E:\Dingshuai\EasyDSS\EasyScreenLive\EasyScreenLive_win32\EasyScreenLive\EasyScreenLive\Debug\mt.read.1.tlog
E:\Dingshuai\EasyDSS\EasyScreenLive\EasyScreenLive_win32\EasyScreenLive\EasyScreenLive\Debug\mt.write.1.tlog
E:\Dingshuai\EasyDSS\EasyScreenLive\EasyScreenLive_win32\EasyScreenLive\EasyScreenLive\Debug\rc.command.1.tlog
E:\Dingshuai\EasyDSS\EasyScreenLive\EasyScreenLive_win32\EasyScreenLive\EasyScreenLive\Debug\rc.read.1.tlog
E:\Dingshuai\EasyDSS\EasyScreenLive\EasyScreenLive_win32\EasyScreenLive\EasyScreenLive\Debug\rc.write.1.tlog
E:\DINGSHUAI\EASYDSS\EASYSCREENLIVE\EASYSCREENLIVE_WIN32\EASYSCREENLIVE\EASYSCREENLIVE\DEBUG\STDAFX.OBJ
E:\Dingshuai\EasyDSS\EasyScreenLive\EasyScreenLive_win32\EasyScreenLive\EasyScreenLive\Debug\vc100.idb
E:\DINGSHUAI\EASYDSS\EASYSCREENLIVE\EASYSCREENLIVE_WIN32\EASYSCREENLIVE\EASYSCREENLIVE\DEBUG\VC100.PDB
