生成启动时间为 3/30/2018 8:10:10 PM。
     1>项目“E:\Dingshuai\EasyDSS\EasyScreenLive\EasyScreenLive_win32\EasyScreenLive\EasyScreenLive\EasyScreenLive.vcxproj”在节点 2 上(build 个目标)。
     1>InitializeBuildStatus:
         正在创建“Debug\EasyScreenLive.unsuccessfulbuild”，因为已指定“AlwaysCreate”。
       ClCompile:
         C:\Program Files (x86)\Microsoft Visual Studio 10.0\VC\bin\CL.exe /c /I.\EasySkinUI\include\x86 /I./EasySkinUI /ZI /nologo /W3 /WX- /Od /Oy- /D WIN32 /D _WINDOWS /D _DEBUG /D _UNICODE /D UNICODE /D _AFXDLL /Gm /EHsc /RTC1 /MDd /GS /fp:precise /Zc:wchar_t /Zc:forScope /Yc"StdAfx.h" /Fp"Debug\EasyScreenLive.pch" /Fo"Debug\\" /Fd"Debug\vc100.pdb" /Gd /TP /analyze- /errorReport:prompt stdafx.cpp
         stdafx.cpp
     1>e:\dingshuai\easydss\easyscreenlive\easyscreenlive_win32\easyscreenlive\easyscreenlive\easyskinui\skinui.h(18): warning C4192: 导入类型库“IServiceProvider”时自动排除“Flash.ocx”
         C:\Program Files (x86)\Microsoft Visual Studio 10.0\VC\bin\CL.exe /c /I.\EasySkinUI\include\x86 /I./EasySkinUI /ZI /nologo /W3 /WX- /Od /Oy- /D WIN32 /D _WINDOWS /D _DEBUG /D _UNICODE /D UNICODE /D _AFXDLL /Gm /EHsc /RTC1 /MDd /GS /fp:precise /Zc:wchar_t /Zc:forScope /Yu"StdAfx.h" /Fp"Debug\EasyScreenLive.pch" /Fo"Debug\\" /Fd"Debug\vc100.pdb" /Gd /TP /analyze- /errorReport:prompt EasyScreenLive.cpp EasyScreenLiveDlg.cpp EasySkinUI\BuildDialog.cpp EasySkinUI\FlashControl.cpp EasySkinUI\Function.cpp EasySkinUI\GifImage.cpp EasySkinUI\ImageEx.cpp EasySkinUI\ISkinControl.cpp EasySkinUI\MemoryDC.cpp EasySkinUI\RenderManager.cpp EasySkinUI\SkinButton.cpp EasySkinUI\SkinComboBox.cpp EasySkinUI\SkinDialog.cpp EasySkinUI\SkinEdit.cpp EasySkinUI\SkinListBox.cpp EasySkinUI\SkinListCtrl.cpp EasySkinUI\SkinProgressCtrl.cpp EasySkinUI\SkinRichEdit.cpp EasySkinUI\SkinSliderCtrl.cpp EasySkinUI\SkinStatic.cpp EasySkinUI\SkinTabCtrl.cpp EasySkinUI\SkinToolBar.cpp EasySkinUI\SkinTreeCtrl.cpp EasySkinUI\SkinUI.cpp EasySkinUI\SkinUIMenu.cpp EasySkinUI\SkinUI_ScrollBar.cpp EasySkinUI\XmlManager.cpp EasyTrayIcon.cpp
         EasyTrayIcon.cpp
         XmlManager.cpp
         SkinUI_ScrollBar.cpp
         SkinUIMenu.cpp
         SkinUI.cpp
         SkinTreeCtrl.cpp
         SkinToolBar.cpp
         SkinTabCtrl.cpp
         SkinStatic.cpp
         SkinSliderCtrl.cpp
         SkinRichEdit.cpp
         SkinProgressCtrl.cpp
         SkinListCtrl.cpp
         SkinListBox.cpp
         SkinEdit.cpp
         SkinDialog.cpp
     1>e:\dingshuai\easydss\easyscreenlive\easyscreenlive_win32\easyscreenlive\easyscreenlive\easyskinui\skindialog.cpp(316): warning C4244: “=”: 从“double”转换到“LONG”，可能丢失数据
     1>e:\dingshuai\easydss\easyscreenlive\easyscreenlive_win32\easyscreenlive\easyscreenlive\easyskinui\skindialog.cpp(317): warning C4244: “=”: 从“double”转换到“LONG”，可能丢失数据
     1>e:\dingshuai\easydss\easyscreenlive\easyscreenlive_win32\easyscreenlive\easyscreenlive\easyskinui\skindialog.cpp(327): warning C4244: “初始化”: 从“double”转换到“int”，可能丢失数据
     1>e:\dingshuai\easydss\easyscreenlive\easyscreenlive_win32\easyscreenlive\easyscreenlive\easyskinui\skindialog.cpp(328): warning C4244: “初始化”: 从“double”转换到“int”，可能丢失数据
     1>e:\dingshuai\easydss\easyscreenlive\easyscreenlive_win32\easyscreenlive\easyscreenlive\easyskinui\skindialog.cpp(359): warning C4244: “=”: 从“double”转换到“LONG”，可能丢失数据
     1>e:\dingshuai\easydss\easyscreenlive\easyscreenlive_win32\easyscreenlive\easyscreenlive\easyskinui\skindialog.cpp(360): warning C4244: “=”: 从“double”转换到“LONG”，可能丢失数据
         SkinComboBox.cpp
         SkinButton.cpp
     1>e:\dingshuai\easydss\easyscreenlive\easyscreenlive_win32\easyscreenlive\easyscreenlive\easyskinui\skinbutton.cpp(782): warning C4800: “BOOL”: 将值强制为布尔值“true”或“false”(性能警告)
         RenderManager.cpp
         MemoryDC.cpp
         正在生成代码...
         正在编译...
         ISkinControl.cpp
         ImageEx.cpp
         GifImage.cpp
         Function.cpp
         FlashControl.cpp
         BuildDialog.cpp
     1>e:\dingshuai\easydss\easyscreenlive\easyscreenlive_win32\easyscreenlive\easyscreenlive\easyskinui\builddialog.cpp(530): warning C4800: “BOOL”: 将值强制为布尔值“true”或“false”(性能警告)
         EasyScreenLiveDlg.cpp
     1>e:\dingshuai\easydss\easyscreenlive\easyscreenlive_win32\easyscreenlive\easyscreenlive\easyscreenlivedlg.cpp(479): warning C4996: 'strcpy': This function or variable may be unsafe. Consider using strcpy_s instead. To disable deprecation, use _CRT_SECURE_NO_WARNINGS. See online help for details.
                 c:\program files (x86)\microsoft visual studio 10.0\vc\include\string.h(105) : 参见“strcpy”的声明
     1>e:\dingshuai\easydss\easyscreenlive\easyscreenlive_win32\easyscreenlive\easyscreenlive\easyscreenlivedlg.cpp(520): warning C4996: 'sprintf': This function or variable may be unsafe. Consider using sprintf_s instead. To disable deprecation, use _CRT_SECURE_NO_WARNINGS. See online help for details.
                 c:\program files (x86)\microsoft visual studio 10.0\vc\include\stdio.h(371) : 参见“sprintf”的声明
     1>e:\dingshuai\easydss\easyscreenlive\easyscreenlive_win32\easyscreenlive\easyscreenlive\easyscreenlivedlg.cpp(525): warning C4996: 'strcpy': This function or variable may be unsafe. Consider using strcpy_s instead. To disable deprecation, use _CRT_SECURE_NO_WARNINGS. See online help for details.
                 c:\program files (x86)\microsoft visual studio 10.0\vc\include\string.h(105) : 参见“strcpy”的声明
         EasyScreenLive.cpp
         正在生成代码...
       ResourceCompile:
         C:\Program Files (x86)\Microsoft SDKs\Windows\v7.0A\bin\rc.exe /D _DEBUG /D _UNICODE /D UNICODE /D _AFXDLL /l"0x0804" /IDebug\ /nologo /fo"Debug\EasyScreenLive.res" EasyScreenLive.rc 
       ManifestResourceCompile:
         所有输出均为最新。
       Link:
         C:\Program Files (x86)\Microsoft Visual Studio 10.0\VC\bin\link.exe /ERRORREPORT:PROMPT /OUT:"..\bin\EasyScreenLive.exe" /INCREMENTAL /NOLOGO /LIBPATH:./EasySkinUI/lib/detour/x86 gdiplus.lib /MANIFEST /ManifestFile:"Debug\EasyScreenLive.exe.intermediate.manifest" /MANIFESTUAC:"level='asInvoker' uiAccess='false'" /DEBUG /PDB:"E:\Dingshuai\EasyDSS\EasyScreenLive\EasyScreenLive_win32\EasyScreenLive\bin\EasyScreenLive.pdb" /SUBSYSTEM:WINDOWS /TLBID:1 /ENTRY:"wWinMainCRTStartup" /DYNAMICBASE /NXCOMPAT /IMPLIB:"..\bin\EasyScreenLive.lib" /MACHINE:X86 Debug\EasyScreenLive.res
         Debug\EasyScreenLive.exe.embed.manifest.res
         Debug\EasyScreenLive.obj
         Debug\EasyScreenLiveDlg.obj
         Debug\BuildDialog.obj
         Debug\FlashControl.obj
         Debug\Function.obj
         Debug\GifImage.obj
         Debug\ImageEx.obj
         Debug\ISkinControl.obj
         Debug\MemoryDC.obj
         Debug\RenderManager.obj
         Debug\SkinButton.obj
         Debug\SkinComboBox.obj
         Debug\SkinDialog.obj
         Debug\SkinEdit.obj
         Debug\SkinListBox.obj
         Debug\SkinListCtrl.obj
         Debug\SkinProgressCtrl.obj
         Debug\SkinRichEdit.obj
         Debug\SkinSliderCtrl.obj
         Debug\SkinStatic.obj
         Debug\SkinTabCtrl.obj
         Debug\SkinToolBar.obj
         Debug\SkinTreeCtrl.obj
         Debug\SkinUI.obj
         Debug\SkinUIMenu.obj
         Debug\SkinUI_ScrollBar.obj
         Debug\XmlManager.obj
         Debug\EasyTrayIcon.obj
         Debug\stdafx.obj
         LINK : 没有找到 ..\bin\EasyScreenLive.exe 或上一个增量链接没有生成它；正在执行完全链接
     1>detours.lib(detours.obj) : warning LNK4099: 未找到 PDB“detours.pdb”(使用“detours.lib(detours.obj)”或在“E:\Dingshuai\EasyDSS\EasyScreenLive\EasyScreenLive_win32\EasyScreenLive\bin\detours.pdb”中寻找)；正在链接对象，如同没有调试信息一样
     1>detours.lib(disasm.obj) : warning LNK4099: 未找到 PDB“detours.pdb”(使用“detours.lib(disasm.obj)”或在“E:\Dingshuai\EasyDSS\EasyScreenLive\EasyScreenLive_win32\EasyScreenLive\bin\detours.pdb”中寻找)；正在链接对象，如同没有调试信息一样
       Manifest:
         C:\Program Files (x86)\Microsoft SDKs\Windows\v7.0A\bin\mt.exe /nologo /verbose /out:"Debug\EasyScreenLive.exe.embed.manifest" /manifest Debug\EasyScreenLive.exe.intermediate.manifest "C:\Program Files (x86)\Microsoft Visual Studio 10.0\VC\Include\Manifest\dpiaware.manifest"
         所有输出均为最新。
       LinkEmbedManifest:
         所有输出均为最新。
         EasyScreenLive.vcxproj -> E:\Dingshuai\EasyDSS\EasyScreenLive\EasyScreenLive_win32\EasyScreenLive\EasyScreenLive\..\bin\EasyScreenLive.exe
       FinalizeBuildStatus:
         正在删除文件“Debug\EasyScreenLive.unsuccessfulbuild”。
         正在对“Debug\EasyScreenLive.lastbuildstate”执行 Touch 任务。
     1>已完成生成项目“E:\Dingshuai\EasyDSS\EasyScreenLive\EasyScreenLive_win32\EasyScreenLive\EasyScreenLive\EasyScreenLive.vcxproj”(build 个目标)的操作。

生成成功。

已用时间 00:00:16.50
