生成启动时间为 3/30/2018 8:17:06 PM。
     1>项目“E:\Dingshuai\EasyDSS\EasyScreenLive\EasyScreenLive_win32\EasyScreenLive\EasyScreenLive\EasyScreenLive.vcxproj”在节点 2 上(build 个目标)。
     1>InitializeBuildStatus:
         正在创建“Release\EasyScreenLive.unsuccessfulbuild”，因为已指定“AlwaysCreate”。
       ClCompile:
         C:\Program Files (x86)\Microsoft Visual Studio 10.0\VC\bin\CL.exe /c /I.\EasySkinUI\include\x86 /I./EasySkinUI /Zi /nologo /W3 /WX- /O2 /Oi /Oy- /GL /D WIN32 /D _WINDOWS /D NDEBUG /D _UNICODE /D UNICODE /Gm- /EHsc /MT /GS /Gy /fp:precise /Zc:wchar_t /Zc:forScope /Yc"StdAfx.h" /Fp"Release\EasyScreenLive.pch" /Fo"Release\\" /Fd"Release\vc100.pdb" /Gd /TP /analyze- /errorReport:prompt stdafx.cpp
         stdafx.cpp
     1>e:\dingshuai\easydss\easyscreenlive\easyscreenlive_win32\easyscreenlive\easyscreenlive\./EasySkinUI/SkinUI.h(18): warning C4192: 导入类型库“IServiceProvider”时自动排除“Flash.ocx”
         C:\Program Files (x86)\Microsoft Visual Studio 10.0\VC\bin\CL.exe /c /I.\EasySkinUI\include\x86 /I./EasySkinUI /Zi /nologo /W3 /WX- /O2 /Oi /Oy- /GL /D WIN32 /D _WINDOWS /D NDEBUG /D _UNICODE /D UNICODE /Gm- /EHsc /MT /GS /Gy /fp:precise /Zc:wchar_t /Zc:forScope /Yu"StdAfx.h" /Fp"Release\EasyScreenLive.pch" /Fo"Release\\" /Fd"Release\vc100.pdb" /Gd /TP /analyze- /errorReport:prompt EasyScreenLive.cpp EasyScreenLiveDlg.cpp EasySkinUI\BuildDialog.cpp EasySkinUI\FlashControl.cpp EasySkinUI\Function.cpp EasySkinUI\GifImage.cpp EasySkinUI\ImageEx.cpp EasySkinUI\ISkinControl.cpp EasySkinUI\MemoryDC.cpp EasySkinUI\RenderManager.cpp EasySkinUI\SkinButton.cpp EasySkinUI\SkinComboBox.cpp EasySkinUI\SkinDialog.cpp EasySkinUI\SkinEdit.cpp EasySkinUI\SkinListBox.cpp EasySkinUI\SkinListCtrl.cpp EasySkinUI\SkinProgressCtrl.cpp EasySkinUI\SkinRichEdit.cpp EasySkinUI\SkinSliderCtrl.cpp EasySkinUI\SkinStatic.cpp EasySkinUI\SkinTabCtrl.cpp EasySkinUI\SkinToolBar.cpp EasySkinUI\SkinTreeCtrl.cpp EasySkinUI\SkinUI.cpp EasySkinUI\SkinUIMenu.cpp EasySkinUI\SkinUI_ScrollBar.cpp EasySkinUI\XmlManager.cpp EasyTrayIcon.cpp
         EasyScreenLive.cpp
         EasyScreenLiveDlg.cpp
     1>EasyScreenLiveDlg.cpp(479): warning C4996: 'strcpy': This function or variable may be unsafe. Consider using strcpy_s instead. To disable deprecation, use _CRT_SECURE_NO_WARNINGS. See online help for details.
                 C:\Program Files (x86)\Microsoft Visual Studio 10.0\VC\include\string.h(105) : 参见“strcpy”的声明
     1>EasyScreenLiveDlg.cpp(520): warning C4996: 'sprintf': This function or variable may be unsafe. Consider using sprintf_s instead. To disable deprecation, use _CRT_SECURE_NO_WARNINGS. See online help for details.
                 C:\Program Files (x86)\Microsoft Visual Studio 10.0\VC\include\stdio.h(371) : 参见“sprintf”的声明
     1>EasyScreenLiveDlg.cpp(525): warning C4996: 'strcpy': This function or variable may be unsafe. Consider using strcpy_s instead. To disable deprecation, use _CRT_SECURE_NO_WARNINGS. See online help for details.
                 C:\Program Files (x86)\Microsoft Visual Studio 10.0\VC\include\string.h(105) : 参见“strcpy”的声明
         BuildDialog.cpp
     1>EasySkinUI\BuildDialog.cpp(530): warning C4800: “BOOL”: 将值强制为布尔值“true”或“false”(性能警告)
         FlashControl.cpp
         Function.cpp
         GifImage.cpp
         ImageEx.cpp
         ISkinControl.cpp
         MemoryDC.cpp
         RenderManager.cpp
         SkinButton.cpp
     1>EasySkinUI\SkinButton.cpp(782): warning C4800: “BOOL”: 将值强制为布尔值“true”或“false”(性能警告)
         SkinComboBox.cpp
         SkinDialog.cpp
     1>EasySkinUI\SkinDialog.cpp(316): warning C4244: “=”: 从“double”转换到“LONG”，可能丢失数据
     1>EasySkinUI\SkinDialog.cpp(317): warning C4244: “=”: 从“double”转换到“LONG”，可能丢失数据
     1>EasySkinUI\SkinDialog.cpp(327): warning C4244: “初始化”: 从“double”转换到“int”，可能丢失数据
     1>EasySkinUI\SkinDialog.cpp(328): warning C4244: “初始化”: 从“double”转换到“int”，可能丢失数据
     1>EasySkinUI\SkinDialog.cpp(359): warning C4244: “=”: 从“double”转换到“LONG”，可能丢失数据
     1>EasySkinUI\SkinDialog.cpp(360): warning C4244: “=”: 从“double”转换到“LONG”，可能丢失数据
         SkinEdit.cpp
         SkinListBox.cpp
         SkinListCtrl.cpp
         SkinProgressCtrl.cpp
         SkinRichEdit.cpp
         SkinSliderCtrl.cpp
         SkinStatic.cpp
         正在编译...
         SkinTabCtrl.cpp
         SkinToolBar.cpp
         SkinTreeCtrl.cpp
         SkinUI.cpp
         SkinUIMenu.cpp
         SkinUI_ScrollBar.cpp
         XmlManager.cpp
         EasyTrayIcon.cpp
       ResourceCompile:
         C:\Program Files (x86)\Microsoft SDKs\Windows\v7.0A\bin\rc.exe /D NDEBUG /D _UNICODE /D UNICODE /l"0x0804" /IRelease\ /nologo /fo"Release\EasyScreenLive.res" EasyScreenLive.rc 
       Link:
         C:\Program Files (x86)\Microsoft Visual Studio 10.0\VC\bin\link.exe /ERRORREPORT:PROMPT /OUT:"..\bin\EasyScreenLive.exe" /INCREMENTAL:NO /NOLOGO /LIBPATH:./EasySkinUI/lib/detour/x86 gdiplus.lib /MANIFEST /ManifestFile:"Release\EasyScreenLive.exe.intermediate.manifest" /MANIFESTUAC:"level='asInvoker' uiAccess='false'" /DEBUG /PDB:"E:\Dingshuai\EasyDSS\EasyScreenLive\EasyScreenLive_win32\EasyScreenLive\bin\EasyScreenLive.pdb" /SUBSYSTEM:WINDOWS /OPT:REF /OPT:ICF /LTCG /TLBID:1 /ENTRY:"wWinMainCRTStartup" /DYNAMICBASE /NXCOMPAT /IMPLIB:"..\bin\EasyScreenLive.lib" /MACHINE:X86 Release\EasyScreenLive.res
         Release\EasyScreenLive.obj
         Release\EasyScreenLiveDlg.obj
         Release\BuildDialog.obj
         Release\FlashControl.obj
         Release\Function.obj
         Release\GifImage.obj
         Release\ImageEx.obj
         Release\ISkinControl.obj
         Release\MemoryDC.obj
         Release\RenderManager.obj
         Release\SkinButton.obj
         Release\SkinComboBox.obj
         Release\SkinDialog.obj
         Release\SkinEdit.obj
         Release\SkinListBox.obj
         Release\SkinListCtrl.obj
         Release\SkinProgressCtrl.obj
         Release\SkinRichEdit.obj
         Release\SkinSliderCtrl.obj
         Release\SkinStatic.obj
         Release\SkinTabCtrl.obj
         Release\SkinToolBar.obj
         Release\SkinTreeCtrl.obj
         Release\SkinUI.obj
         Release\SkinUIMenu.obj
         Release\SkinUI_ScrollBar.obj
         Release\XmlManager.obj
         Release\EasyTrayIcon.obj
         Release\stdafx.obj
         正在生成代码
         已完成代码的生成
     1>detours.lib(detours.obj) : warning LNK4099: 未找到 PDB“detours.pdb”(使用“detours.lib(detours.obj)”或在“E:\Dingshuai\EasyDSS\EasyScreenLive\EasyScreenLive_win32\EasyScreenLive\bin\detours.pdb”中寻找)；正在链接对象，如同没有调试信息一样
     1>detours.lib(disasm.obj) : warning LNK4099: 未找到 PDB“detours.pdb”(使用“detours.lib(disasm.obj)”或在“E:\Dingshuai\EasyDSS\EasyScreenLive\EasyScreenLive_win32\EasyScreenLive\bin\detours.pdb”中寻找)；正在链接对象，如同没有调试信息一样
         EasyScreenLive.vcxproj -> E:\Dingshuai\EasyDSS\EasyScreenLive\EasyScreenLive_win32\EasyScreenLive\EasyScreenLive\..\bin\EasyScreenLive.exe
       Manifest:
         C:\Program Files (x86)\Microsoft SDKs\Windows\v7.0A\bin\mt.exe /nologo /verbose /outputresource:"..\bin\EasyScreenLive.exe;#1" /manifest Release\EasyScreenLive.exe.intermediate.manifest "C:\Program Files (x86)\Microsoft Visual Studio 10.0\VC\Include\Manifest\dpiaware.manifest"
       FinalizeBuildStatus:
         正在删除文件“Release\EasyScreenLive.unsuccessfulbuild”。
         正在对“Release\EasyScreenLive.lastbuildstate”执行 Touch 任务。
     1>已完成生成项目“E:\Dingshuai\EasyDSS\EasyScreenLive\EasyScreenLive_win32\EasyScreenLive\EasyScreenLive\EasyScreenLive.vcxproj”(build 个目标)的操作。

生成成功。

已用时间 00:00:17.42
