E:\Dingshuai\EasyDSS\EasyScreenLive\EasyScreenLive_win32\EasyScreenLive\EasyScreenLive\Release\BuildDialog.obj
E:\Dingshuai\EasyDSS\EasyScreenLive\EasyScreenLive_win32\EasyScreenLive\EasyScreenLive\Release\cl.command.1.tlog
E:\Dingshuai\EasyDSS\EasyScreenLive\EasyScreenLive_win32\EasyScreenLive\EasyScreenLive\Release\CL.read.1.tlog
E:\Dingshuai\EasyDSS\EasyScreenLive\EasyScreenLive_win32\EasyScreenLive\EasyScreenLive\Release\CL.write.1.tlog
E:\Dingshuai\EasyDSS\EasyScreenLive\EasyScreenLive_win32\EasyScreenLive\EasyScreenLive\Release\EasyScreenLive.exe.intermediate.manifest
E:\Dingshuai\EasyDSS\EasyScreenLive\EasyScreenLive_win32\EasyScreenLive\EasyScreenLive\Release\EasyScreenLive.obj
E:\Dingshuai\EasyDSS\EasyScreenLive\EasyScreenLive_win32\EasyScreenLive\EasyScreenLive\Release\EasyScreenLive.pch
E:\Dingshuai\EasyDSS\EasyScreenLive\EasyScreenLive_win32\EasyScreenLive\EasyScreenLive\Release\EasyScreenLive.res
E:\Dingshuai\EasyDSS\EasyScreenLive\EasyScreenLive_win32\EasyScreenLive\EasyScreenLive\Release\EasyScreenLive.vcxprojResolveAssemblyReference.cache
E:\Dingshuai\EasyDSS\EasyScreenLive\EasyScreenLive_win32\EasyScreenLive\EasyScreenLive\Release\EasyScreenLive.write.1.tlog
E:\Dingshuai\EasyDSS\EasyScreenLive\EasyScreenLive_win32\EasyScreenLive\EasyScreenLive\Release\EasyScreenLiveDlg.obj
E:\Dingshuai\EasyDSS\EasyScreenLive\EasyScreenLive_win32\EasyScreenLive\EasyScreenLive\Release\EasyTrayIcon.obj
E:\Dingshuai\EasyDSS\EasyScreenLive\EasyScreenLive_win32\EasyScreenLive\EasyScreenLive\Release\flash.tlh
E:\Dingshuai\EasyDSS\EasyScreenLive\EasyScreenLive_win32\EasyScreenLive\EasyScreenLive\Release\flash.tli
E:\Dingshuai\EasyDSS\EasyScreenLive\EasyScreenLive_win32\EasyScreenLive\EasyScreenLive\Release\FlashControl.obj
E:\Dingshuai\EasyDSS\EasyScreenLive\EasyScreenLive_win32\EasyScreenLive\EasyScreenLive\Release\Function.obj
E:\Dingshuai\EasyDSS\EasyScreenLive\EasyScreenLive_win32\EasyScreenLive\EasyScreenLive\Release\GifImage.obj
E:\Dingshuai\EasyDSS\EasyScreenLive\EasyScreenLive_win32\EasyScreenLive\EasyScreenLive\Release\ImageEx.obj
E:\Dingshuai\EasyDSS\EasyScreenLive\EasyScreenLive_win32\EasyScreenLive\EasyScreenLive\Release\imageole.tlh
E:\Dingshuai\EasyDSS\EasyScreenLive\EasyScreenLive_win32\EasyScreenLive\EasyScreenLive\Release\imageole.tli
E:\Dingshuai\EasyDSS\EasyScreenLive\EasyScreenLive_win32\EasyScreenLive\EasyScreenLive\Release\ISkinControl.obj
E:\Dingshuai\EasyDSS\EasyScreenLive\EasyScreenLive_win32\EasyScreenLive\EasyScreenLive\Release\link.command.1.tlog
E:\Dingshuai\EasyDSS\EasyScreenLive\EasyScreenLive_win32\EasyScreenLive\EasyScreenLive\Release\link.read.1.tlog
E:\Dingshuai\EasyDSS\EasyScreenLive\EasyScreenLive_win32\EasyScreenLive\EasyScreenLive\Release\link.write.1.tlog
E:\Dingshuai\EasyDSS\EasyScreenLive\EasyScreenLive_win32\EasyScreenLive\EasyScreenLive\Release\link-cvtres.read.1.tlog
E:\Dingshuai\EasyDSS\EasyScreenLive\EasyScreenLive_win32\EasyScreenLive\EasyScreenLive\Release\link-cvtres.write.1.tlog
E:\Dingshuai\EasyDSS\EasyScreenLive\EasyScreenLive_win32\EasyScreenLive\EasyScreenLive\Release\MemoryDC.obj
E:\Dingshuai\EasyDSS\EasyScreenLive\EasyScreenLive_win32\EasyScreenLive\EasyScreenLive\Release\mt.command.1.tlog
E:\Dingshuai\EasyDSS\EasyScreenLive\EasyScreenLive_win32\EasyScreenLive\EasyScreenLive\Release\mt.read.1.tlog
E:\Dingshuai\EasyDSS\EasyScreenLive\EasyScreenLive_win32\EasyScreenLive\EasyScreenLive\Release\mt.write.1.tlog
E:\Dingshuai\EasyDSS\EasyScreenLive\EasyScreenLive_win32\EasyScreenLive\EasyScreenLive\Release\rc.command.1.tlog
E:\Dingshuai\EasyDSS\EasyScreenLive\EasyScreenLive_win32\EasyScreenLive\EasyScreenLive\Release\rc.read.1.tlog
E:\Dingshuai\EasyDSS\EasyScreenLive\EasyScreenLive_win32\EasyScreenLive\EasyScreenLive\Release\rc.write.1.tlog
E:\Dingshuai\EasyDSS\EasyScreenLive\EasyScreenLive_win32\EasyScreenLive\EasyScreenLive\Release\RenderManager.obj
E:\Dingshuai\EasyDSS\EasyScreenLive\EasyScreenLive_win32\EasyScreenLive\EasyScreenLive\Release\SkinButton.obj
E:\Dingshuai\EasyDSS\EasyScreenLive\EasyScreenLive_win32\EasyScreenLive\EasyScreenLive\Release\SkinComboBox.obj
E:\Dingshuai\EasyDSS\EasyScreenLive\EasyScreenLive_win32\EasyScreenLive\EasyScreenLive\Release\SkinDialog.obj
E:\Dingshuai\EasyDSS\EasyScreenLive\EasyScreenLive_win32\EasyScreenLive\EasyScreenLive\Release\SkinEdit.obj
E:\Dingshuai\EasyDSS\EasyScreenLive\EasyScreenLive_win32\EasyScreenLive\EasyScreenLive\Release\SkinListBox.obj
E:\Dingshuai\EasyDSS\EasyScreenLive\EasyScreenLive_win32\EasyScreenLive\EasyScreenLive\Release\SkinListCtrl.obj
E:\Dingshuai\EasyDSS\EasyScreenLive\EasyScreenLive_win32\EasyScreenLive\EasyScreenLive\Release\SkinProgressCtrl.obj
E:\Dingshuai\EasyDSS\EasyScreenLive\EasyScreenLive_win32\EasyScreenLive\EasyScreenLive\Release\SkinRichEdit.obj
E:\Dingshuai\EasyDSS\EasyScreenLive\EasyScreenLive_win32\EasyScreenLive\EasyScreenLive\Release\SkinSliderCtrl.obj
E:\Dingshuai\EasyDSS\EasyScreenLive\EasyScreenLive_win32\EasyScreenLive\EasyScreenLive\Release\SkinStatic.obj
E:\Dingshuai\EasyDSS\EasyScreenLive\EasyScreenLive_win32\EasyScreenLive\EasyScreenLive\Release\SkinTabCtrl.obj
E:\Dingshuai\EasyDSS\EasyScreenLive\EasyScreenLive_win32\EasyScreenLive\EasyScreenLive\Release\SkinToolBar.obj
E:\Dingshuai\EasyDSS\EasyScreenLive\EasyScreenLive_win32\EasyScreenLive\EasyScreenLive\Release\SkinTreeCtrl.obj
E:\Dingshuai\EasyDSS\EasyScreenLive\EasyScreenLive_win32\EasyScreenLive\EasyScreenLive\Release\SkinUI.obj
E:\Dingshuai\EasyDSS\EasyScreenLive\EasyScreenLive_win32\EasyScreenLive\EasyScreenLive\Release\SkinUI_ScrollBar.obj
E:\Dingshuai\EasyDSS\EasyScreenLive\EasyScreenLive_win32\EasyScreenLive\EasyScreenLive\Release\SkinUIMenu.obj
E:\Dingshuai\EasyDSS\EasyScreenLive\EasyScreenLive_win32\EasyScreenLive\EasyScreenLive\Release\stdafx.obj
E:\Dingshuai\EasyDSS\EasyScreenLive\EasyScreenLive_win32\EasyScreenLive\EasyScreenLive\Release\vc100.pdb
E:\Dingshuai\EasyDSS\EasyScreenLive\EasyScreenLive_win32\EasyScreenLive\EasyScreenLive\Release\XmlManager.obj
E:\DINGSHUAI\EASYSCREENLIVE\EASYSCREENLIVE\EASYSCREENLIVE-WIN32\LIBEASYSCREENLIVE\BIN\EASYSCREENLIVE.EXE
E:\DINGSHUAI\EASYSCREENLIVE\EASYSCREENLIVE\EASYSCREENLIVE-WIN32\LIBEASYSCREENLIVE\BIN\EASYSCREENLIVE.PDB
E:\DINGSHUAI\EASYSCREENLIVE\EASYSCREENLIVE\EASYSCREENLIVE-WIN32\LIBEASYSCREENLIVE\EASYSCREENLIVE\RELEASE\BUILDDIALOG.OBJ
E:\DINGSHUAI\EASYSCREENLIVE\EASYSCREENLIVE\EASYSCREENLIVE-WIN32\LIBEASYSCREENLIVE\EASYSCREENLIVE\RELEASE\EASYSCREENLIVE.EXE.INTERMEDIATE.MANIFEST
E:\DINGSHUAI\EASYSCREENLIVE\EASYSCREENLIVE\EASYSCREENLIVE-WIN32\LIBEASYSCREENLIVE\EASYSCREENLIVE\RELEASE\EASYSCREENLIVE.OBJ
E:\DINGSHUAI\EASYSCREENLIVE\EASYSCREENLIVE\EASYSCREENLIVE-WIN32\LIBEASYSCREENLIVE\EASYSCREENLIVE\RELEASE\EASYSCREENLIVE.PCH
E:\DINGSHUAI\EASYSCREENLIVE\EASYSCREENLIVE\EASYSCREENLIVE-WIN32\LIBEASYSCREENLIVE\EASYSCREENLIVE\RELEASE\EASYSCREENLIVE.RES
E:\DINGSHUAI\EASYSCREENLIVE\EASYSCREENLIVE\EASYSCREENLIVE-WIN32\LIBEASYSCREENLIVE\EASYSCREENLIVE\RELEASE\EASYSCREENLIVEDLG.OBJ
E:\DINGSHUAI\EASYSCREENLIVE\EASYSCREENLIVE\EASYSCREENLIVE-WIN32\LIBEASYSCREENLIVE\EASYSCREENLIVE\RELEASE\EASYTRAYICON.OBJ
E:\DINGSHUAI\EASYSCREENLIVE\EASYSCREENLIVE\EASYSCREENLIVE-WIN32\LIBEASYSCREENLIVE\EASYSCREENLIVE\RELEASE\FLASHCONTROL.OBJ
E:\DINGSHUAI\EASYSCREENLIVE\EASYSCREENLIVE\EASYSCREENLIVE-WIN32\LIBEASYSCREENLIVE\EASYSCREENLIVE\RELEASE\FUNCTION.OBJ
E:\DINGSHUAI\EASYSCREENLIVE\EASYSCREENLIVE\EASYSCREENLIVE-WIN32\LIBEASYSCREENLIVE\EASYSCREENLIVE\RELEASE\GIFIMAGE.OBJ
E:\DINGSHUAI\EASYSCREENLIVE\EASYSCREENLIVE\EASYSCREENLIVE-WIN32\LIBEASYSCREENLIVE\EASYSCREENLIVE\RELEASE\IMAGEEX.OBJ
E:\DINGSHUAI\EASYSCREENLIVE\EASYSCREENLIVE\EASYSCREENLIVE-WIN32\LIBEASYSCREENLIVE\EASYSCREENLIVE\RELEASE\ISKINCONTROL.OBJ
E:\DINGSHUAI\EASYSCREENLIVE\EASYSCREENLIVE\EASYSCREENLIVE-WIN32\LIBEASYSCREENLIVE\EASYSCREENLIVE\RELEASE\MEMORYDC.OBJ
E:\DINGSHUAI\EASYSCREENLIVE\EASYSCREENLIVE\EASYSCREENLIVE-WIN32\LIBEASYSCREENLIVE\EASYSCREENLIVE\RELEASE\RENDERMANAGER.OBJ
E:\DINGSHUAI\EASYSCREENLIVE\EASYSCREENLIVE\EASYSCREENLIVE-WIN32\LIBEASYSCREENLIVE\EASYSCREENLIVE\RELEASE\SKINBUTTON.OBJ
E:\DINGSHUAI\EASYSCREENLIVE\EASYSCREENLIVE\EASYSCREENLIVE-WIN32\LIBEASYSCREENLIVE\EASYSCREENLIVE\RELEASE\SKINCOMBOBOX.OBJ
E:\DINGSHUAI\EASYSCREENLIVE\EASYSCREENLIVE\EASYSCREENLIVE-WIN32\LIBEASYSCREENLIVE\EASYSCREENLIVE\RELEASE\SKINDIALOG.OBJ
E:\DINGSHUAI\EASYSCREENLIVE\EASYSCREENLIVE\EASYSCREENLIVE-WIN32\LIBEASYSCREENLIVE\EASYSCREENLIVE\RELEASE\SKINEDIT.OBJ
E:\DINGSHUAI\EASYSCREENLIVE\EASYSCREENLIVE\EASYSCREENLIVE-WIN32\LIBEASYSCREENLIVE\EASYSCREENLIVE\RELEASE\SKINLISTBOX.OBJ
E:\DINGSHUAI\EASYSCREENLIVE\EASYSCREENLIVE\EASYSCREENLIVE-WIN32\LIBEASYSCREENLIVE\EASYSCREENLIVE\RELEASE\SKINLISTCTRL.OBJ
E:\DINGSHUAI\EASYSCREENLIVE\EASYSCREENLIVE\EASYSCREENLIVE-WIN32\LIBEASYSCREENLIVE\EASYSCREENLIVE\RELEASE\SKINPROGRESSCTRL.OBJ
E:\DINGSHUAI\EASYSCREENLIVE\EASYSCREENLIVE\EASYSCREENLIVE-WIN32\LIBEASYSCREENLIVE\EASYSCREENLIVE\RELEASE\SKINRICHEDIT.OBJ
E:\DINGSHUAI\EASYSCREENLIVE\EASYSCREENLIVE\EASYSCREENLIVE-WIN32\LIBEASYSCREENLIVE\EASYSCREENLIVE\RELEASE\SKINSLIDERCTRL.OBJ
E:\DINGSHUAI\EASYSCREENLIVE\EASYSCREENLIVE\EASYSCREENLIVE-WIN32\LIBEASYSCREENLIVE\EASYSCREENLIVE\RELEASE\SKINSTATIC.OBJ
E:\DINGSHUAI\EASYSCREENLIVE\EASYSCREENLIVE\EASYSCREENLIVE-WIN32\LIBEASYSCREENLIVE\EASYSCREENLIVE\RELEASE\SKINTABCTRL.OBJ
E:\DINGSHUAI\EASYSCREENLIVE\EASYSCREENLIVE\EASYSCREENLIVE-WIN32\LIBEASYSCREENLIVE\EASYSCREENLIVE\RELEASE\SKINTOOLBAR.OBJ
E:\DINGSHUAI\EASYSCREENLIVE\EASYSCREENLIVE\EASYSCREENLIVE-WIN32\LIBEASYSCREENLIVE\EASYSCREENLIVE\RELEASE\SKINTREECTRL.OBJ
E:\DINGSHUAI\EASYSCREENLIVE\EASYSCREENLIVE\EASYSCREENLIVE-WIN32\LIBEASYSCREENLIVE\EASYSCREENLIVE\RELEASE\SKINUI.OBJ
E:\DINGSHUAI\EASYSCREENLIVE\EASYSCREENLIVE\EASYSCREENLIVE-WIN32\LIBEASYSCREENLIVE\EASYSCREENLIVE\RELEASE\SKINUI_SCROLLBAR.OBJ
E:\DINGSHUAI\EASYSCREENLIVE\EASYSCREENLIVE\EASYSCREENLIVE-WIN32\LIBEASYSCREENLIVE\EASYSCREENLIVE\RELEASE\SKINUIMENU.OBJ
E:\DINGSHUAI\EASYSCREENLIVE\EASYSCREENLIVE\EASYSCREENLIVE-WIN32\LIBEASYSCREENLIVE\EASYSCREENLIVE\RELEASE\STDAFX.OBJ
E:\DINGSHUAI\EASYSCREENLIVE\EASYSCREENLIVE\EASYSCREENLIVE-WIN32\LIBEASYSCREENLIVE\EASYSCREENLIVE\RELEASE\VC100.PDB
E:\DINGSHUAI\EASYSCREENLIVE\EASYSCREENLIVE\EASYSCREENLIVE-WIN32\LIBEASYSCREENLIVE\EASYSCREENLIVE\RELEASE\XMLMANAGER.OBJ
